app/build/intermediates/manifest_merge_blame_file/debug/processDebugMainManifest/manifest-merger-blame-debug-report.txt
1<?xml version="1.0" encoding="utf-8"?>
2<manifest xmlns:android="http://schemas.android.com/apk/res/android"
3    package="com.carplayer.iptv"
4    android:versionCode="1"
5    android:versionName="1.0" >
6
7    <uses-sdk
8        android:minSdkVersion="23"
9        android:targetSdkVersion="34" />
10
11    <uses-permission android:name="android.permission.INTERNET" />
11-->src/main/AndroidManifest.xml:5:5-67
11-->src/main/AndroidManifest.xml:5:22-64
12    <uses-permission android:name="android.permission.ACCESS_NETWORK_STATE" />
12-->src/main/AndroidManifest.xml:6:5-79
12-->src/main/AndroidManifest.xml:6:22-76
13    <uses-permission android:name="android.permission.WAKE_LOCK" />
13-->src/main/AndroidManifest.xml:7:5-68
13-->src/main/AndroidManifest.xml:7:22-65
14    <uses-permission android:name="android.permission.READ_EXTERNAL_STORAGE" />
14-->src/main/AndroidManifest.xml:8:5-80
14-->src/main/AndroidManifest.xml:8:22-77
15    <uses-permission android:name="android.permission.WRITE_EXTERNAL_STORAGE" />
15-->src/main/AndroidManifest.xml:9:5-81
15-->src/main/AndroidManifest.xml:9:22-78
16    <uses-permission android:name="android.permission.MANAGE_EXTERNAL_STORAGE" />
16-->src/main/AndroidManifest.xml:10:5-82
16-->src/main/AndroidManifest.xml:10:22-79
17    <uses-permission android:name="android.permission.READ_MEDIA_VIDEO" />
17-->src/main/AndroidManifest.xml:11:5-75
17-->src/main/AndroidManifest.xml:11:22-72
18
19    <!-- Car App Library permissions -->
20    <uses-permission android:name="androidx.car.app.NAVIGATION_TEMPLATES" />
20-->src/main/AndroidManifest.xml:14:5-77
20-->src/main/AndroidManifest.xml:14:22-74
21    <uses-permission android:name="androidx.car.app.ACCESS_SURFACE" />
21-->src/main/AndroidManifest.xml:15:5-71
21-->src/main/AndroidManifest.xml:15:22-68
22
23    <queries>
23-->[androidx.car.app:app:1.7.0] AndroidManifest.xml:23:5-28:15
24        <provider
24-->[androidx.car.app:app:1.7.0] AndroidManifest.xml:24:9-27:43
25            android:name="androidx.car.app.connection.provider"
25-->[androidx.car.app:app:1.7.0] AndroidManifest.xml:25:13-64
26            android:authorities="androidx.car.app.connection" />
26-->[androidx.car.app:app:1.7.0] AndroidManifest.xml:26:13-62
27    </queries>
28
29    <permission
29-->[androidx.core:core:1.16.0] AndroidManifest.xml:22:5-24:47
30        android:name="com.carplayer.iptv.DYNAMIC_RECEIVER_NOT_EXPORTED_PERMISSION"
30-->[androidx.core:core:1.16.0] AndroidManifest.xml:23:9-81
31        android:protectionLevel="signature" />
31-->[androidx.core:core:1.16.0] AndroidManifest.xml:24:9-44
32
33    <uses-permission android:name="com.carplayer.iptv.DYNAMIC_RECEIVER_NOT_EXPORTED_PERMISSION" />
33-->[androidx.core:core:1.16.0] AndroidManifest.xml:26:5-97
33-->[androidx.core:core:1.16.0] AndroidManifest.xml:26:22-94
34
35    <application
35-->src/main/AndroidManifest.xml:17:5-96:19
36        android:name="com.carplayer.iptv.CarPlayerApplication"
36-->src/main/AndroidManifest.xml:18:9-45
37        android:allowBackup="true"
37-->src/main/AndroidManifest.xml:19:9-35
38        android:appComponentFactory="androidx.core.app.CoreComponentFactory"
38-->[androidx.core:core:1.16.0] AndroidManifest.xml:28:18-86
39        android:dataExtractionRules="@xml/data_extraction_rules"
39-->src/main/AndroidManifest.xml:20:9-65
40        android:debuggable="true"
41        android:extractNativeLibs="false"
42        android:fullBackupContent="@xml/backup_rules"
42-->src/main/AndroidManifest.xml:21:9-54
43        android:icon="@mipmap/ic_launcher"
43-->src/main/AndroidManifest.xml:22:9-43
44        android:label="@string/app_name"
44-->src/main/AndroidManifest.xml:23:9-41
45        android:networkSecurityConfig="@xml/network_security_config"
45-->src/main/AndroidManifest.xml:27:9-69
46        android:roundIcon="@mipmap/ic_launcher_round"
46-->src/main/AndroidManifest.xml:24:9-54
47        android:supportsRtl="true"
47-->src/main/AndroidManifest.xml:25:9-35
48        android:theme="@style/Theme.CarPlayerIPTV"
48-->src/main/AndroidManifest.xml:26:9-51
49        android:usesCleartextTraffic="true" >
49-->src/main/AndroidManifest.xml:28:9-44
50
51        <!-- Automotive App Descriptor -->
52        <meta-data
52-->src/main/AndroidManifest.xml:32:9-34:59
53            android:name="com.google.android.gms.car.application"
53-->src/main/AndroidManifest.xml:33:13-66
54            android:resource="@xml/automotive_app_desc" />
54-->src/main/AndroidManifest.xml:34:13-56
55
56        <!-- Car App Service -->
57        <service
57-->src/main/AndroidManifest.xml:37:9-51:19
58            android:name="com.carplayer.iptv.CarAppService"
58-->src/main/AndroidManifest.xml:38:13-42
59            android:exported="true" >
59-->src/main/AndroidManifest.xml:39:13-36
60            <intent-filter>
60-->src/main/AndroidManifest.xml:40:13-44:29
61                <action android:name="androidx.car.app.CarAppService" />
61-->src/main/AndroidManifest.xml:41:17-73
61-->src/main/AndroidManifest.xml:41:25-70
62
63                <category android:name="androidx.car.app.category.PLAYBACK" />
63-->src/main/AndroidManifest.xml:42:17-79
63-->src/main/AndroidManifest.xml:42:27-76
64                <category android:name="androidx.car.app.category.VIDEO" />
64-->src/main/AndroidManifest.xml:43:17-76
64-->src/main/AndroidManifest.xml:43:27-73
65            </intent-filter>
66            <intent-filter>
66-->src/main/AndroidManifest.xml:45:13-47:29
67                <action android:name="android.media.action.MEDIA_PLAY_FROM_SEARCH" />
67-->src/main/AndroidManifest.xml:46:17-86
67-->src/main/AndroidManifest.xml:46:25-83
68            </intent-filter>
69            <intent-filter>
69-->src/main/AndroidManifest.xml:48:13-50:29
70                <action android:name="android.media.browse.MediaBrowserService" />
70-->src/main/AndroidManifest.xml:49:17-83
70-->src/main/AndroidManifest.xml:49:25-80
71            </intent-filter>
72        </service>
73
74        <!-- Media Button Receiver -->
75        <receiver
75-->src/main/AndroidManifest.xml:55:9-61:20
76            android:name="androidx.media.session.MediaButtonReceiver"
76-->src/main/AndroidManifest.xml:56:13-70
77            android:exported="true" >
77-->src/main/AndroidManifest.xml:57:13-36
78            <intent-filter>
78-->src/main/AndroidManifest.xml:58:13-60:29
79                <action android:name="android.intent.action.MEDIA_BUTTON" />
79-->src/main/AndroidManifest.xml:59:17-77
79-->src/main/AndroidManifest.xml:59:25-74
80            </intent-filter>
81        </receiver>
82
83        <!-- Main Phone Activity -->
84        <activity
84-->src/main/AndroidManifest.xml:64:9-72:20
85            android:name="com.carplayer.iptv.MainActivity"
85-->src/main/AndroidManifest.xml:65:13-41
86            android:exported="true"
86-->src/main/AndroidManifest.xml:66:13-36
87            android:theme="@style/Theme.CarPlayerIPTV" >
87-->src/main/AndroidManifest.xml:67:13-55
88            <intent-filter>
88-->src/main/AndroidManifest.xml:68:13-71:29
89                <action android:name="android.intent.action.MAIN" />
89-->src/main/AndroidManifest.xml:69:17-69
89-->src/main/AndroidManifest.xml:69:25-66
90
91                <category android:name="android.intent.category.LAUNCHER" />
91-->src/main/AndroidManifest.xml:70:17-77
91-->src/main/AndroidManifest.xml:70:27-74
92            </intent-filter>
93        </activity>
94
95        <!-- Car Test Activity -->
96        <activity
96-->src/main/AndroidManifest.xml:75:9-78:58
97            android:name="com.carplayer.iptv.CarTestActivity"
97-->src/main/AndroidManifest.xml:76:13-44
98            android:exported="true"
98-->src/main/AndroidManifest.xml:77:13-36
99            android:theme="@style/Theme.CarPlayerIPTV" />
99-->src/main/AndroidManifest.xml:78:13-55
100
101        <!-- Import Screen Activity -->
102        <activity
102-->src/main/AndroidManifest.xml:81:9-84:58
103            android:name="com.carplayer.iptv.ImportActivity"
103-->src/main/AndroidManifest.xml:82:13-43
104            android:exported="false"
104-->src/main/AndroidManifest.xml:83:13-37
105            android:theme="@style/Theme.CarPlayerIPTV" />
105-->src/main/AndroidManifest.xml:84:13-55
106
107        <!-- Video Player Activity -->
108        <activity
108-->src/main/AndroidManifest.xml:87:9-93:40
109            android:name="com.carplayer.iptv.VideoPlayerActivity"
109-->src/main/AndroidManifest.xml:88:13-48
110            android:excludeFromRecents="true"
110-->src/main/AndroidManifest.xml:92:13-46
111            android:exported="false"
111-->src/main/AndroidManifest.xml:89:13-37
112            android:launchMode="singleTop"
112-->src/main/AndroidManifest.xml:91:13-43
113            android:noHistory="true"
113-->src/main/AndroidManifest.xml:93:13-37
114            android:theme="@style/Theme.CarPlayerIPTV" />
114-->src/main/AndroidManifest.xml:90:13-55
115
116        <service
116-->[androidx.car.app:app-projected:1.7.0] AndroidManifest.xml:24:9-34:19
117            android:name="androidx.car.app.CarAppMetadataHolderService"
117-->[androidx.car.app:app-projected:1.7.0] AndroidManifest.xml:25:13-72
118            android:enabled="false"
118-->[androidx.car.app:app-projected:1.7.0] AndroidManifest.xml:26:13-36
119            android:exported="false"
119-->[androidx.car.app:app-projected:1.7.0] AndroidManifest.xml:27:13-37
120            android:process="" >
120-->[androidx.car.app:app-projected:1.7.0] AndroidManifest.xml:28:13-31
121            <meta-data
121-->[androidx.car.app:app-projected:1.7.0] AndroidManifest.xml:31:13-33:89
122                android:name="androidx.car.app.CarAppMetadataHolderService.CAR_HARDWARE_MANAGER"
122-->[androidx.car.app:app-projected:1.7.0] AndroidManifest.xml:32:17-97
123                android:value="androidx.car.app.hardware.ProjectedCarHardwareManager" />
123-->[androidx.car.app:app-projected:1.7.0] AndroidManifest.xml:33:17-86
124        </service>
125
126        <activity
126-->[androidx.car.app:app:1.7.0] AndroidManifest.xml:31:9-34:75
127            android:name="androidx.car.app.CarAppPermissionActivity"
127-->[androidx.car.app:app:1.7.0] AndroidManifest.xml:32:13-69
128            android:exported="false"
128-->[androidx.car.app:app:1.7.0] AndroidManifest.xml:33:13-37
129            android:theme="@android:style/Theme.Translucent.NoTitleBar" />
129-->[androidx.car.app:app:1.7.0] AndroidManifest.xml:34:13-72
130
131        <receiver
131-->[androidx.car.app:app:1.7.0] AndroidManifest.xml:36:9-38:40
132            android:name="androidx.car.app.notification.CarAppNotificationBroadcastReceiver"
132-->[androidx.car.app:app:1.7.0] AndroidManifest.xml:37:13-93
133            android:exported="false" />
133-->[androidx.car.app:app:1.7.0] AndroidManifest.xml:38:13-37
134
135        <provider
135-->[androidx.emoji2:emoji2:1.3.0] AndroidManifest.xml:24:9-32:20
136            android:name="androidx.startup.InitializationProvider"
136-->[androidx.emoji2:emoji2:1.3.0] AndroidManifest.xml:25:13-67
137            android:authorities="com.carplayer.iptv.androidx-startup"
137-->[androidx.emoji2:emoji2:1.3.0] AndroidManifest.xml:26:13-68
138            android:exported="false" >
138-->[androidx.emoji2:emoji2:1.3.0] AndroidManifest.xml:27:13-37
139            <meta-data
139-->[androidx.emoji2:emoji2:1.3.0] AndroidManifest.xml:29:13-31:52
140                android:name="androidx.emoji2.text.EmojiCompatInitializer"
140-->[androidx.emoji2:emoji2:1.3.0] AndroidManifest.xml:30:17-75
141                android:value="androidx.startup" />
141-->[androidx.emoji2:emoji2:1.3.0] AndroidManifest.xml:31:17-49
142            <meta-data
142-->[androidx.lifecycle:lifecycle-process:2.6.2] AndroidManifest.xml:29:13-31:52
143                android:name="androidx.lifecycle.ProcessLifecycleInitializer"
143-->[androidx.lifecycle:lifecycle-process:2.6.2] AndroidManifest.xml:30:17-78
144                android:value="androidx.startup" />
144-->[androidx.lifecycle:lifecycle-process:2.6.2] AndroidManifest.xml:31:17-49
145            <meta-data
145-->[androidx.profileinstaller:profileinstaller:1.4.0] AndroidManifest.xml:29:13-31:52
146                android:name="androidx.profileinstaller.ProfileInstallerInitializer"
146-->[androidx.profileinstaller:profileinstaller:1.4.0] AndroidManifest.xml:30:17-85
147                android:value="androidx.startup" />
147-->[androidx.profileinstaller:profileinstaller:1.4.0] AndroidManifest.xml:31:17-49
148        </provider>
149
150        <receiver
150-->[androidx.profileinstaller:profileinstaller:1.4.0] AndroidManifest.xml:34:9-52:20
151            android:name="androidx.profileinstaller.ProfileInstallReceiver"
151-->[androidx.profileinstaller:profileinstaller:1.4.0] AndroidManifest.xml:35:13-76
152            android:directBootAware="false"
152-->[androidx.profileinstaller:profileinstaller:1.4.0] AndroidManifest.xml:36:13-44
153            android:enabled="true"
153-->[androidx.profileinstaller:profileinstaller:1.4.0] AndroidManifest.xml:37:13-35
154            android:exported="true"
154-->[androidx.profileinstaller:profileinstaller:1.4.0] AndroidManifest.xml:38:13-36
155            android:permission="android.permission.DUMP" >
155-->[androidx.profileinstaller:profileinstaller:1.4.0] AndroidManifest.xml:39:13-57
156            <intent-filter>
156-->[androidx.profileinstaller:profileinstaller:1.4.0] AndroidManifest.xml:40:13-42:29
157                <action android:name="androidx.profileinstaller.action.INSTALL_PROFILE" />
157-->[androidx.profileinstaller:profileinstaller:1.4.0] AndroidManifest.xml:41:17-91
157-->[androidx.profileinstaller:profileinstaller:1.4.0] AndroidManifest.xml:41:25-88
158            </intent-filter>
159            <intent-filter>
159-->[androidx.profileinstaller:profileinstaller:1.4.0] AndroidManifest.xml:43:13-45:29
160                <action android:name="androidx.profileinstaller.action.SKIP_FILE" />
160-->[androidx.profileinstaller:profileinstaller:1.4.0] AndroidManifest.xml:44:17-85
160-->[androidx.profileinstaller:profileinstaller:1.4.0] AndroidManifest.xml:44:25-82
161            </intent-filter>
162            <intent-filter>
162-->[androidx.profileinstaller:profileinstaller:1.4.0] AndroidManifest.xml:46:13-48:29
163                <action android:name="androidx.profileinstaller.action.SAVE_PROFILE" />
163-->[androidx.profileinstaller:profileinstaller:1.4.0] AndroidManifest.xml:47:17-88
163-->[androidx.profileinstaller:profileinstaller:1.4.0] AndroidManifest.xml:47:25-85
164            </intent-filter>
165            <intent-filter>
165-->[androidx.profileinstaller:profileinstaller:1.4.0] AndroidManifest.xml:49:13-51:29
166                <action android:name="androidx.profileinstaller.action.BENCHMARK_OPERATION" />
166-->[androidx.profileinstaller:profileinstaller:1.4.0] AndroidManifest.xml:50:17-95
166-->[androidx.profileinstaller:profileinstaller:1.4.0] AndroidManifest.xml:50:25-92
167            </intent-filter>
168        </receiver>
169    </application>
170
171</manifest>